<?xml version="1.0" encoding="UTF-8"?>
<testsuite name="LogInServiceTest" tests="3" skipped="0" failures="0" errors="0" timestamp="2021-05-18T19:20:53" hostname="DESKTOP-N3SSEIG" time="0.029">
  <properties/>
  <testcase name="getUserLogInTest" classname="LogInServiceTest" time="0.009"/>
  <testcase name="getListTest" classname="LogInServiceTest" time="0.011"/>
  <testcase name="getLogInsTest" classname="LogInServiceTest" time="0.008"/>
  <system-out><![CDATA[]]></system-out>
  <system-err><![CDATA[[Test worker] INFO org.mongodb.driver.cluster - Cluster created with settings {hosts=[localhost:27017], mode=SINGLE, requiredClusterType=UNKNOWN, serverSelectionTimeout='30000 ms', maxWaitQueueSize=500}
[Test worker] INFO org.mongodb.driver.cluster - Cluster created with settings {hosts=[localhost:27017], mode=SINGLE, requiredClusterType=UNKNOWN, serverSelectionTimeout='30000 ms', maxWaitQueueSize=500}
[Test worker] INFO org.mongodb.driver.cluster - Cluster description not yet available. Waiting for 30000 ms before timing out
[cluster-ClusterId{value='60a41395fca0b07b2e43ca72', description='null'}-localhost:27017] INFO org.mongodb.driver.connection - Opened connection [connectionId{localValue:13, serverValue:70}] to localhost:27017
[cluster-ClusterId{value='60a41395fca0b07b2e43ca72', description='null'}-localhost:27017] INFO org.mongodb.driver.cluster - Monitor thread successfully connected to server with description ServerDescription{address=localhost:27017, type=STANDALONE, state=CONNECTED, ok=true, version=ServerVersion{versionList=[4, 4, 5]}, minWireVersion=0, maxWireVersion=9, maxDocumentSize=16777216, logicalSessionTimeoutMinutes=30, roundTripTimeNanos=586000}
[cluster-ClusterId{value='60a41395fca0b07b2e43ca73', description='null'}-localhost:27017] INFO org.mongodb.driver.connection - Opened connection [connectionId{localValue:14, serverValue:71}] to localhost:27017
[cluster-ClusterId{value='60a41395fca0b07b2e43ca73', description='null'}-localhost:27017] INFO org.mongodb.driver.cluster - Monitor thread successfully connected to server with description ServerDescription{address=localhost:27017, type=STANDALONE, state=CONNECTED, ok=true, version=ServerVersion{versionList=[4, 4, 5]}, minWireVersion=0, maxWireVersion=9, maxDocumentSize=16777216, logicalSessionTimeoutMinutes=30, roundTripTimeNanos=545199}
[Test worker] INFO org.mongodb.driver.connection - Opened connection [connectionId{localValue:15, serverValue:72}] to localhost:27017
[Test worker] INFO org.mongodb.driver.cluster - Cluster created with settings {hosts=[localhost:27017], mode=SINGLE, requiredClusterType=UNKNOWN, serverSelectionTimeout='30000 ms', maxWaitQueueSize=500}
[Test worker] INFO org.mongodb.driver.cluster - Cluster created with settings {hosts=[localhost:27017], mode=SINGLE, requiredClusterType=UNKNOWN, serverSelectionTimeout='30000 ms', maxWaitQueueSize=500}
[Test worker] INFO org.mongodb.driver.cluster - Cluster description not yet available. Waiting for 30000 ms before timing out
[cluster-ClusterId{value='60a41395fca0b07b2e43ca75', description='null'}-localhost:27017] INFO org.mongodb.driver.connection - Opened connection [connectionId{localValue:17, serverValue:74}] to localhost:27017
[cluster-ClusterId{value='60a41395fca0b07b2e43ca74', description='null'}-localhost:27017] INFO org.mongodb.driver.connection - Opened connection [connectionId{localValue:16, serverValue:73}] to localhost:27017
[cluster-ClusterId{value='60a41395fca0b07b2e43ca74', description='null'}-localhost:27017] INFO org.mongodb.driver.cluster - Monitor thread successfully connected to server with description ServerDescription{address=localhost:27017, type=STANDALONE, state=CONNECTED, ok=true, version=ServerVersion{versionList=[4, 4, 5]}, minWireVersion=0, maxWireVersion=9, maxDocumentSize=16777216, logicalSessionTimeoutMinutes=30, roundTripTimeNanos=369801}
[cluster-ClusterId{value='60a41395fca0b07b2e43ca75', description='null'}-localhost:27017] INFO org.mongodb.driver.cluster - Monitor thread successfully connected to server with description ServerDescription{address=localhost:27017, type=STANDALONE, state=CONNECTED, ok=true, version=ServerVersion{versionList=[4, 4, 5]}, minWireVersion=0, maxWireVersion=9, maxDocumentSize=16777216, logicalSessionTimeoutMinutes=30, roundTripTimeNanos=1385301}
[Test worker] INFO org.mongodb.driver.connection - Opened connection [connectionId{localValue:18, serverValue:75}] to localhost:27017
[Test worker] INFO org.mongodb.driver.cluster - Cluster created with settings {hosts=[localhost:27017], mode=SINGLE, requiredClusterType=UNKNOWN, serverSelectionTimeout='30000 ms', maxWaitQueueSize=500}
[Test worker] INFO org.mongodb.driver.cluster - Cluster created with settings {hosts=[localhost:27017], mode=SINGLE, requiredClusterType=UNKNOWN, serverSelectionTimeout='30000 ms', maxWaitQueueSize=500}
[Test worker] INFO org.mongodb.driver.cluster - Cluster description not yet available. Waiting for 30000 ms before timing out
[cluster-ClusterId{value='60a41395fca0b07b2e43ca77', description='null'}-localhost:27017] INFO org.mongodb.driver.connection - Opened connection [connectionId{localValue:20, serverValue:77}] to localhost:27017
[cluster-ClusterId{value='60a41395fca0b07b2e43ca76', description='null'}-localhost:27017] INFO org.mongodb.driver.connection - Opened connection [connectionId{localValue:19, serverValue:76}] to localhost:27017
[cluster-ClusterId{value='60a41395fca0b07b2e43ca77', description='null'}-localhost:27017] INFO org.mongodb.driver.cluster - Monitor thread successfully connected to server with description ServerDescription{address=localhost:27017, type=STANDALONE, state=CONNECTED, ok=true, version=ServerVersion{versionList=[4, 4, 5]}, minWireVersion=0, maxWireVersion=9, maxDocumentSize=16777216, logicalSessionTimeoutMinutes=30, roundTripTimeNanos=403700}
[cluster-ClusterId{value='60a41395fca0b07b2e43ca76', description='null'}-localhost:27017] INFO org.mongodb.driver.cluster - Monitor thread successfully connected to server with description ServerDescription{address=localhost:27017, type=STANDALONE, state=CONNECTED, ok=true, version=ServerVersion{versionList=[4, 4, 5]}, minWireVersion=0, maxWireVersion=9, maxDocumentSize=16777216, logicalSessionTimeoutMinutes=30, roundTripTimeNanos=408400}
[Test worker] INFO org.mongodb.driver.connection - Opened connection [connectionId{localValue:21, serverValue:78}] to localhost:27017
]]></system-err>
</testsuite>
